C:\youcomm\LuckyStack-v2\packages\core\src\checkOrigin.ts
  39:22  error  Unnecessary conditional, expected left-hand side of `??` operator to be possibly null or undefined  @typescript-eslint/no-unnecessary-condition
--
   51:32  error  void is not valid as a constituent in a union type  @typescript-eslint/no-invalid-void-type
  147:19  error  Unnecessary conditional, value is always truthy     @typescript-eslint/no-unnecessary-condition
--
C:\youcomm\LuckyStack-v2\packages\core\src\emailRegistry.ts
  80:7   error  Unnecessary conditional, value is always truthy                                                     @typescript-eslint/no-unnecessary-condition
  86:57  error  Unnecessary conditional, expected left-hand side of `??` operator to be possibly null or undefined  @typescript-eslint/no-unnecessary-condition
  95:7   error  Unnecessary conditional, value is always truthy                                                     @typescript-eslint/no-unnecessary-condition
--
C:\youcomm\LuckyStack-v2\packages\core\src\offlineQueue.ts
  50:9  error  Unnecessary conditional, value is always truthy  @typescript-eslint/no-unnecessary-condition
--
C:\youcomm\LuckyStack-v2\packages\core\src\rateLimiter.ts
  170:7   error  Unnecessary conditional, value is always falsy                               @typescript-eslint/no-unnecessary-condition
  170:37  error  Unnecessary conditional, value is always falsy                               @typescript-eslint/no-unnecessary-condition
  241:43  error  Unnecessary conditional, comparison is always false, since `2 < 2` is false  @typescript-eslint/no-unnecessary-condition
--
C:\youcomm\LuckyStack-v2\packages\core\src\runtimeTypeValidation.ts
   74:19  error  Unnecessary conditional, expected left-hand side of `??` operator to be possibly null or undefined  @typescript-eslint/no-unnecessary-condition
   74:32  error  Unnecessary optional chain on a non-nullish value                                                   @typescript-eslint/no-unnecessary-condition
   80:24  error  Unnecessary conditional, expected left-hand side of `??` operator to be possibly null or undefined  @typescript-eslint/no-unnecessary-condition
   80:37  error  Unnecessary optional chain on a non-nullish value                                                   @typescript-eslint/no-unnecessary-condition
   81:24  error  Unnecessary conditional, expected left-hand side of `??` operator to be possibly null or undefined  @typescript-eslint/no-unnecessary-condition
   81:37  error  Unnecessary optional chain on a non-nullish value                                                   @typescript-eslint/no-unnecessary-condition
   82:21  error  Unnecessary conditional, expected left-hand side of `??` operator to be possibly null or undefined  @typescript-eslint/no-unnecessary-condition
   82:34  error  Unnecessary optional chain on a non-nullish value                                                   @typescript-eslint/no-unnecessary-condition
  103:15  error  Unnecessary conditional, expected left-hand side of `??` operator to be possibly null or undefined  @typescript-eslint/no-unnecessary-condition
  103:28  error  Unnecessary optional chain on a non-nullish value                                                   @typescript-eslint/no-unnecessary-condition
  109:20  error  Unnecessary conditional, expected left-hand side of `??` operator to be possibly null or undefined  @typescript-eslint/no-unnecessary-condition
  109:33  error  Unnecessary optional chain on a non-nullish value                                                   @typescript-eslint/no-unnecessary-condition
  110:20  error  Unnecessary conditional, expected left-hand side of `??` operator to be possibly null or undefined  @typescript-eslint/no-unnecessary-condition
  110:33  error  Unnecessary optional chain on a non-nullish value                                                   @typescript-eslint/no-unnecessary-condition
  111:17  error  Unnecessary conditional, expected left-hand side of `??` operator to be possibly null or undefined  @typescript-eslint/no-unnecessary-condition
  111:30  error  Unnecessary optional chain on a non-nullish value                                                   @typescript-eslint/no-unnecessary-condition
--
C:\youcomm\LuckyStack-v2\packages\devkit\src\cli\validateDeploy.ts
   40:23  error  Unnecessary conditional, expected left-hand side of `??` operator to be possibly null or undefined  @typescript-eslint/no-unnecessary-condition
   46:25  error  Unnecessary conditional, expected left-hand side of `??` operator to be possibly null or undefined  @typescript-eslint/no-unnecessary-condition
--
C:\youcomm\LuckyStack-v2\packages\devkit\src\runtimeTypeResolver.ts
  108:19  error  Unnecessary conditional, expected left-hand side of `??` operator to be possibly null or undefined  @typescript-eslint/no-unnecessary-condition
  110:20  error  Unnecessary conditional, expected left-hand side of `??` operator to be possibly null or undefined  @typescript-eslint/no-unnecessary-condition
  116:25  error  Unnecessary conditional, expected left-hand side of `??` operator to be possibly null or undefined  @typescript-eslint/no-unnecessary-condition
  117:25  error  Unnecessary conditional, expected left-hand side of `??` operator to be possibly null or undefined  @typescript-eslint/no-unnecessary-condition
  118:22  error  Unnecessary conditional, expected left-hand side of `??` operator to be possibly null or undefined  @typescript-eslint/no-unnecessary-condition
  135:15  error  Unnecessary conditional, expected left-hand side of `??` operator to be possibly null or undefined  @typescript-eslint/no-unnecessary-condition
  137:16  error  Unnecessary conditional, expected left-hand side of `??` operator to be possibly null or undefined  @typescript-eslint/no-unnecessary-condition
  143:21  error  Unnecessary conditional, expected left-hand side of `??` operator to be possibly null or undefined  @typescript-eslint/no-unnecessary-condition
  144:21  error  Unnecessary conditional, expected left-hand side of `??` operator to be possibly null or undefined  @typescript-eslint/no-unnecessary-condition
  145:18  error  Unnecessary conditional, expected left-hand side of `??` operator to be possibly null or undefined  @typescript-eslint/no-unnecessary-condition
  269:37  error  Unnecessary conditional, the types have no overlap                                                  @typescript-eslint/no-unnecessary-condition
  283:37  error  Unnecessary conditional, the types have no overlap                                                  @typescript-eslint/no-unnecessary-condition
  283:59  error  Unnecessary conditional, the types have no overlap                                                  @typescript-eslint/no-unnecessary-condition
  298:37  error  Unnecessary conditional, the types have no overlap                                                  @typescript-eslint/no-unnecessary-condition
  298:59  error  Unnecessary conditional, the types have no overlap                                                  @typescript-eslint/no-unnecessary-condition
  394:63  error  Unnecessary conditional, the types have no overlap                                                  @typescript-eslint/no-unnecessary-condition
--
C:\youcomm\LuckyStack-v2\packages\devkit\src\typeMap\emitterArtifacts.ts
  145:36  error  Unnecessary conditional, value is always truthy    @typescript-eslint/no-unnecessary-condition
  145:54  error  Unnecessary optional chain on a non-nullish value  @typescript-eslint/no-unnecessary-condition
--
C:\youcomm\LuckyStack-v2\packages\devkit\src\typeMap\zodEmitter.ts
  118:33  error  Unnecessary optional chain on a non-nullish value  @typescript-eslint/no-unnecessary-condition
  126:40  error  Unnecessary optional chain on a non-nullish value  @typescript-eslint/no-unnecessary-condition
  128:22  error  Unnecessary conditional, value is always truthy    @typescript-eslint/no-unnecessary-condition
  135:11  error  Unnecessary conditional, value is always falsy     @typescript-eslint/no-unnecessary-condition
  185:7   error  Unnecessary conditional, value is always falsy     @typescript-eslint/no-unnecessary-condition
--
C:\youcomm\LuckyStack-v2\packages\devkit\src\validateDeploy.ts
  101:9   error  Unnecessary conditional, value is always falsy   @typescript-eslint/no-unnecessary-condition
  133:11  error  Unnecessary conditional, value is always truthy  @typescript-eslint/no-unnecessary-condition
  190:70  error  Unnecessary conditional, value is always truthy  @typescript-eslint/no-unnecessary-condition
--
C:\youcomm\LuckyStack-v2\packages\env-resolver\src\index.ts
  74:7  error  Unnecessary conditional, value is always falsy  @typescript-eslint/no-unnecessary-condition
--
C:\youcomm\LuckyStack-v2\packages\login\src\passwordReset.ts
  47:7   error    Unnecessary conditional, value is always falsy                                                                               @typescript-eslint/no-unnecessary-condition
--
`allowMultiple` is explicitly set  @typescript-eslint/no-deprecated
   93:18  error  Unnecessary conditional, comparison is always true, since `"multiple" === "multiple"` is true                                                                                                                                                                             @typescript-eslint/no-unnecessary-condition
--
   66:32  warning  'C:\youcomm\LuckyStack-v2\packages\core\src\index.ts' imported multiple times  import-x/no-duplicates
  126:41  error    Unnecessary conditional, comparison is always false, since `2 < 2` is false    @typescript-eslint/no-unnecessary-condition
--
C:\youcomm\LuckyStack-v2\packages\router\src\cli.ts
   53:23  error  Unnecessary conditional, expected left-hand side of `??` operator to be possibly null or undefined  @typescript-eslint/no-unnecessary-condition
   59:25  error  Unnecessary conditional, expected left-hand side of `??` operator to be possibly null or undefined  @typescript-eslint/no-unnecessary-condition
   65:20  error  Unnecessary conditional, expected left-hand side of `??` operator to be possibly null or undefined  @typescript-eslint/no-unnecessary-condition
   71:23  error  Unnecessary conditional, expected left-hand side of `??` operator to be possibly null or undefined  @typescript-eslint/no-unnecessary-condition
--
C:\youcomm\LuckyStack-v2\packages\router\src\resolveTarget.ts
  163:8   error  Unnecessary conditional, expected left-hand side of `??` operator to be possibly null or undefined  @typescript-eslint/no-unnecessary-condition
  163:40  error  Unnecessary optional chain on a non-nullish value                                                   @typescript-eslint/no-unnecessary-condition
--
C:\youcomm\LuckyStack-v2\packages\server\src\argv.ts
  38:7  error  Unnecessary conditional, the types have no overlap  @typescript-eslint/no-unnecessary-condition
--
C:\youcomm\LuckyStack-v2\packages\server\src\httpRoutes\apiRoute.ts
  54:21  error  Unnecessary conditional, value is always truthy  @typescript-eslint/no-unnecessary-condition
--
  44:78  error  Async arrow function 'handleLivezRoute' has no 'await' expression                                                                                            @typescript-eslint/require-await
  58:54  error  Unnecessary conditional, comparison is always false, since `null === "pong"` is false                                                                        @typescript-eslint/no-unnecessary-condition
--
C:\youcomm\LuckyStack-v2\packages\server\src\loadSocket.ts
  160:29  error  Unnecessary optional chain on a non-nullish value  @typescript-eslint/no-unnecessary-condition
  165:33  error  Unnecessary optional chain on a non-nullish value  @typescript-eslint/no-unnecessary-condition
  171:32  error  Unnecessary optional chain on a non-nullish value  @typescript-eslint/no-unnecessary-condition
  172:33  error  Unnecessary optional chain on a non-nullish value  @typescript-eslint/no-unnecessary-condition
  231:32  error  Unnecessary optional chain on a non-nullish value  @typescript-eslint/no-unnecessary-condition
  232:33  error  Unnecessary optional chain on a non-nullish value  @typescript-eslint/no-unnecessary-condition
  291:33  error  Unnecessary optional chain on a non-nullish value  @typescript-eslint/no-unnecessary-condition
  343:15  error  Unnecessary conditional, value is always falsy     @typescript-eslint/no-unnecessary-condition
--
C:\youcomm\LuckyStack-v2\packages\sync\src\streamThrottle.ts
  109:42  error  Unnecessary conditional, the types have no overlap  @typescript-eslint/no-unnecessary-condition
--
  252:59  error    Unsafe return of a value of type `Promise<any>`                    @typescript-eslint/no-unsafe-return
  271:19  error    Unnecessary optional chain on a non-nullish value                  @typescript-eslint/no-unnecessary-condition
  271:50  error    Unnecessary optional chain on a non-nullish value                  @typescript-eslint/no-unnecessary-condition
--
C:\youcomm\LuckyStack-v2\packages\test-runner\src\runAllTests.ts
  56:50  error  Unnecessary optional chain on a non-nullish value  @typescript-eslint/no-unnecessary-condition
  56:67  error  Unnecessary optional chain on a non-nullish value  @typescript-eslint/no-unnecessary-condition
--
C:\youcomm\LuckyStack-v2\packages\test-runner\src\runAuthEnforcementTests.ts
  29:41  error  Unnecessary optional chain on a non-nullish value                                                   @typescript-eslint/no-unnecessary-condition
  29:58  error  Unnecessary optional chain on a non-nullish value                                                   @typescript-eslint/no-unnecessary-condition
  30:10  error  Unnecessary conditional, expected left-hand side of `??` operator to be possibly null or undefined  @typescript-eslint/no-unnecessary-condition
  30:14  error  Unnecessary optional chain on a non-nullish value                                                   @typescript-eslint/no-unnecessary-condition
--
C:\youcomm\LuckyStack-v2\packages\test-runner\src\runRateLimitTests.ts
  41:41  error  Unnecessary optional chain on a non-nullish value  @typescript-eslint/no-unnecessary-condition
  41:58  error  Unnecessary optional chain on a non-nullish value  @typescript-eslint/no-unnecessary-condition
  42:7   error  Unnecessary conditional, value is always falsy     @typescript-eslint/no-unnecessary-condition
